<?xml version="1.0" encoding="UTF-8"?>
<testng-results ignored="0" total="1" passed="1" failed="0" skipped="0">
  <reporter-output>
  </reporter-output>
  <suite started-at="2022-04-16T11:33:00Z" name="WebDriver" finished-at="2022-04-16T11:33:03Z" duration-ms="2753">
    <groups>
    </groups>
    <test started-at="2022-04-16T11:33:00Z" name="Test" finished-at="2022-04-16T11:33:03Z" duration-ms="2753">
      <class name="TestNG.addbook">
        <test-method is-config="true" signature="launch()[pri:0, instance:TestNG.addbook@7b69c6ba]" started-at="2022-04-16T11:33:01Z" name="launch" finished-at="2022-04-16T11:33:03Z" duration-ms="2105" status="PASS">
          <reporter-output>
          </reporter-output>
        </test-method> <!-- launch -->
        <test-method signature="verifyaddbook()[pri:0, instance:TestNG.addbook@7b69c6ba]" started-at="2022-04-16T11:33:03Z" name="verifyaddbook" finished-at="2022-04-16T11:33:03Z" duration-ms="626" status="PASS">
          <reporter-output>
          </reporter-output>
        </test-method> <!-- verifyaddbook -->
      </class> <!-- TestNG.addbook -->
    </test> <!-- Test -->
  </suite> <!-- WebDriver -->
</testng-results>
